220211 14251290                     CASCD0100I ES Threaded Daemon Initialized (Ver CAS 7.0.00) process-id = 5496 (14:25:12.72) 14:25:12
220211 14251297                     CASCD0099I ES Build Tag: ED7.0/20210930_PU02 14:25:12
220211 14251374                     CASCD0120I Server manager created for ES BANKDEMO, process-id = 2032 14:25:13
220211 14251386       2032 BANKDEMO CASSI0000I Server manager initialization started 14:25:13
220211 14251389       2032 BANKDEMO CASSI4005I Retrieving ES configuration from MFDS (127.0.0.1:86) 14:25:13
220211 14251433       2032 BANKDEMO CASSI4006I Single signon is not  enforced for CICS clients and is enforced for IMS TM clients for this startup 14:25:14
220211 14251447       2032 BANKDEMO CASSI9026I Region initializing in Configured startup mode. 14:25:14
220211 14251458       2032 BANKDEMO CASSI9039I Monitor APIs supported on this platform. 14:25:14
220211 14251466       2032 BANKDEMO CASSI1802I Dynamic debug attachment permitted 14:25:14
220211 14251466       2032 BANKDEMO CASSI0012I Region running in 32 bit mode 14:25:14
220211 14251466       2032 BANKDEMO CASSE0011I Region is running with Resource security disabled. 14:25:14
220211 14251489       2032 BANKDEMO CASSI0017W ES support for CICS WEBSERVICES is disabled. CCSID tables 00037 to Unicode(UCS) not found 14:25:14
220211 14251514       2032 BANKDEMO CASSI1747W Group BNKCICV specified in startup list not found 14:25:15
220211 14251516       2032 BANKDEMO CASSI0001I Region will use SYSID CICV, local CCSID 00001 and ascii CCSID 00001 14:25:15
220211 14251542                     CASCD1095I ES TRC Service Process created for Server BANKDEMO, process-id = 776 14:25:15
220211 14251550                     CASCD1075I ES TSC Service Process created for Server BANKDEMO, process-id = 7408 14:25:15
220211 14251557                     CASCD1038I ES Communications Server created, ES BANKDEMO, process-id = 7644 14:25:15
220211 14251563                     CASCD0128I 3270 printer created for server BANKDEMO, process-id = 2244 14:25:15
220211 14251563        776 BANKDEMO CASTS1007I ES TRC Service Process initialization started 14:25:15
220211 14251564       7408 BANKDEMO CASTS0007I ES TSC Service Process initialization started 14:25:15
220211 14251586       2032 BANKDEMO CASKC1000I ES concurrent request limit: 0000000010 14:25:15
220211 14251588       2032 BANKDEMO CASSI1000I Server Manager initialization completed successfully 14:25:15
220211 14251607       2244 BANKDEMO CASSI2000I 3270 printer initialization started 14:25:16
220211 14251616       2244 BANKDEMO CASSI2001I 3270 printer initialization completed successfully 14:25:16
220211 14251616        776 BANKDEMO CASAM3016I ES Monitoring and Management support enabled 14:25:16
220211 14251617       7408 BANKDEMO CASTS5115I ES TSC Log facility file: C:\Users\Administrator\BankDemo\BankDemo\MFETDUSER\BankDemo\System\Logs\LOGTSTDQ.dat 14:25:16
220211 14251619        776 BANKDEMO CASTS1002I ES TRC Service Process initialization complete 14:25:16
220211 14251621       7408 BANKDEMO CASTS5113I ES TSC Log facility cold started 14:25:16
220211 14251621       7408 BANKDEMO CASTS5116I ES TSC Log facility file size:      4 blocks (      316,236 bytes) 14:25:16
220211 14251622       7408 BANKDEMO CASTS5117I ES TSC Log facility is running with 4 buffers of 63,020 bytes each 14:25:16
220211 14251624       7408 BANKDEMO CASTS0002I ES TSC Service Process initialization complete 14:25:16
220211 14251625       2032 BANKDEMO JES000012I Batch Spool files have been "cold-started" 14:25:16
220211 14251633       7644 BANKDEMO CASCS5001I Communications interface 01 initialization started 14:25:16
220211 14251638       7644 BANKDEMO CASCS5003I Communications interface 01 initialization complete 14:25:16
220211 14251666       2032 BANKDEMO JES000051I Job Entry Subsystem (JES) services initialized 14:25:16
220211 14251667       2032 BANKDEMO JES000059I JES 5 digit job numbering support enabled 14:25:16
220211 14251682                     CASCD1060I JES Initiator created for Server BANKDEMO, process-id = 7964 14:25:16
220211 14251683       2032 BANKDEMO CASBJ0023I Batch initiator INITAB: class(es) "AB" 14:25:16
220211 14251685                     CASCD1062I JES Printer created for Server BANKDEMO, process-id = 7868 14:25:16
220211 14251685       2032 BANKDEMO CASBJ0022I Batch printer BANKPRT1: class(es) "A" 14:25:16
220211 14251686                     CASCD1060I JES Initiator created for Server BANKDEMO, process-id = 1116 14:25:16
220211 14251688       2032 BANKDEMO CASBJ0023I Batch initiator INITA: class(es) "ABCDEFGHIJKLMNOPQRSTUVWXYZ" 14:25:16
220211 14251689                     CASCD0127I SEP 00001 created for ES BANKDEMO, process-id = 6656 14:25:16
220211 14251689                     CASCD0127I SEP 00002 created for ES BANKDEMO, process-id = 1344 14:25:16
220211 14251708       7644 BANKDEMO CASCS5100I Communications Process instance 01 is ready to accept requests 14:25:17
220211 14251714       7868 BANKDEMO CASBJ0020I Batch printer initialization started 14:25:17
220211 14251716       7964 BANKDEMO CASBJ0006I Batch initiator initialization started 14:25:17
220211 14251716       1116 BANKDEMO CASBJ0006I Batch initiator initialization started 14:25:17
220211 14251719       6656 BANKDEMO CASSI1500I SEP initialization started 14:25:17
220211 14251721       1344 BANKDEMO CASSI1500I SEP initialization started 14:25:17
220211 14251792                     CASCD1071I Administration SEP created for Server BANKDEMO, process-id = 3284 14:25:17
220211 14251800       3284 BANKDEMO CASSI1500I SEP initialization started 14:25:17
220211 14251902       6656 BANKDEMO CASSI1600I SEP initialization completed successfully 14:25:19
220211 14251903       3284 BANKDEMO CASSI1600I SEP initialization completed successfully 14:25:19
220211 14251919       6656 BANKDEMO CASSI4100I PLTPI Phase 1 Processing Starting 14:25:19
220211 14251919       6656 BANKDEMO CASSI4103I PLTPI starting JES Phase 1 14:25:19
220211 14251927       6656 BANKDEMO JES000042I SSTM not enabled: CICS 14:25:19
220211 14251928       6656 BANKDEMO CASSI4105I PLTPI Phase 1 starting TS/TD initialisation program 14:25:19
220211 14251930       6656 BANKDEMO CASSI1425I TS non-recoverable cold started 14:25:19
220211 14251930       6656 BANKDEMO CASSI1425I TS recoverable cold started 14:25:19
220211 14251932       6656 BANKDEMO CASSI1426I TD non-recoverable cold started 14:25:19
220211 14251932       6656 BANKDEMO CASSI1426I TD recoverable cold started 14:25:19
220211 14251932       6656 BANKDEMO CASSI4106I PLTPI Phase 1 starting File initialisation program 14:25:19
220211 14251936       6656 BANKDEMO CASFC0009I User (CICSUSER) requested (OPEN)  on file (BNKTXN) group (BANKFIL2) from Tran (Unknown) Program (Unknown) Terminal (Unknown). 14:25:19
220211 14251938       6656 BANKDEMO CASFC0009I User (CICSUSER) requested (OPEN)  on file (BNKATYPE) group (BANKFIL2) from Tran (Unknown) Program (Unknown) Terminal (Unknown). 14:25:19
220211 14251939       6656 BANKDEMO CASFC0009I User (CICSUSER) requested (OPEN)  on file (BNKCUST) group (BANKFIL2) from Tran (Unknown) Program (Unknown) Terminal (Unknown). 14:25:19
220211 14251941       6656 BANKDEMO CASFC0009I User (CICSUSER) requested (OPEN)  on file (BNKACC) group (BANKFIL2) from Tran (Unknown) Program (Unknown) Terminal (Unknown). 14:25:19
220211 14251942       6656 BANKDEMO CASFC0009I User (CICSUSER) requested (OPEN)  on file (BNKHELP) group (BANKFIL2) from Tran (Unknown) Program (Unknown) Terminal (Unknown). 14:25:19
220211 14251946       6656 BANKDEMO CASSI5000I PLTPI Phase 1 List(PI) Processing Started 14:25:19
220211 14251952       6656 BANKDEMO CASSI5005S PLTPI Phase 1 List(PI) Program=EZACIC20 abend 14:25:19
220211 14251953       6656 BANKDEMO CASKC0001E Transaction PIP1 abend AEI1 (TRANSIDERR). Backout Successful. 14:25:19
220211 14251964       2244 BANKDEMO CASCL0020I Printer L860 initialized successfully 14:25:19
220211 14252049       1116 BANKDEMO CASBJ0005I Batch initiator started for job classes "ABCDEFGHIJKLMNOPQRSTUVWXYZ" 14:25:20
220211 14252049       7964 BANKDEMO CASBJ0005I Batch initiator started for job classes "AB" 14:25:20
220211 14252050       7868 BANKDEMO CASBJ0021I Batch printer started for print output classes "A" 14:25:20
220211 14252053       7868 BANKDEMO JES000029I Locating batch printer: MTO-HTML 14:25:20
220211 14252057       1344 BANKDEMO CASSI1600I SEP initialization completed successfully 14:25:20
220211 14252061       7868 BANKDEMO JES000029I Available batch printer: Microsoft XPS Document Writer 14:25:20
220211 14252063       7868 BANKDEMO JES000029I Available batch printer: Microsoft Print to PDF 14:25:20
220211 14252064       7868 BANKDEMO JES000025I Printer not found: MTO-HTML 14:25:20
220211 14252064       7868 BANKDEMO JES000024I Batch Printer: MTO-HTML 14:25:20
220211 14252064       7868 BANKDEMO JES000026I Exit Module: ZBNKPRNX 14:25:20
220211 14252071       1344 BANKDEMO CASSI5020I PLTPI Phase 2 List(PI) Processing Started 14:25:20
220211 14252072       1344 BANKDEMO CASOP0000I  From (,,PIP2) UBNKPLT2 Complete 14:25:20
220211 14252072       1344 BANKDEMO CASSI5030I PLTPI Phase 2 List(PI) Processing Completed 14:25:20
220211 15583005       1344 BANKDEMO JCLCM0187I J0001000 MFIDEMO  JOB  SUBMITTED (JOBNAME=MFIDEMO,JOBNUM=0001000) 15:58:30
220211 15583007       1344 BANKDEMO JCLCM0180I J0001000 MFIDEMO  Job ready for execution. 15:58:30
220211 15583010       2032 BANKDEMO JES000004I J0001000 MFIDEMO  JOB  DISPATCHED 15:58:30
220211 15583032       1116 BANKDEMO JCLCM0188I J0001000 MFIDEMO  JOB  STARTED 15:58:30
220211 15583046       1116 BANKDEMO JCLCM0193U J0001000 MFIDEMO  PROGRAM NOT LOADED - ZBNKEXT1. RTS CODE: 173 15:58:30
220211 15583047       1116 BANKDEMO JCLCM0192S J0001000 MFIDEMO  STEP ABENDED   EXTRACT.EXTRACT - COND CODE S806 15:58:30
220211 15583047       1116 BANKDEMO JCLCM0181S J0001000 MFIDEMO  JOB  ABENDED - COND CODE S806 15:58:30
220211 16213862       1344 BANKDEMO CASKC0025I A000 connected from 127.0.0.1 on 2022-Feb-11 16:21:38
220211 16220642       1344 BANKDEMO CASPC0000E Program 'SBANK00P' not found 16:22:06
220211 17072085       1344 BANKDEMO CASKC0025I B000 connected from 127.0.0.1 on 2022-Feb-11 17:07:20
220211 17073179       1344 BANKDEMO CASOP0000I  From (,B000,BANK) INT Termid:B000, Tranid:BANK, Program:SBANK00P 17:07:31
220211 17073180       1344 BANKDEMO CASOP0000I  From (,B000,BANK) CICS0026 17:07:31
220211 17073183       1344 BANKDEMO CASOP0000I  From (,B000,BANK) INT Termid:B000, Tranid:BANK, Program:SBANK10P 17:07:31
220211 17073188       1344 BANKDEMO CASOP0000I  From (,B000,BANK) INT Termid:B000, Tranid:BANK, Program:SBANK10P 17:07:31
220211 17073841       1344 BANKDEMO CASOP0000I  From (,B000,BANK) INT Termid:B000, Tranid:BANK, Program:SBANK00P 17:07:38
220211 17073843       1344 BANKDEMO CASOP0000I  From (,B000,BANK) INT Termid:B000, Tranid:BANK, Program:SBANK10P 17:07:38
220211 17073844       1344 BANKDEMO CASOP0000I  From (,B000,BANK) INT Termid:B000, Tranid:BANK, Program:SBANK10P 17:07:38
220211 17074464       1344 BANKDEMO CASOP0000I  From (,B000,BANK) INT Termid:B000, Tranid:BANK, Program:SBANK00P 17:07:44
220211 17074464       1344 BANKDEMO CASOP0000I  From (,B000,BANK) INT Termid:B000, Tranid:BANK, Program:SBANK10P 17:07:44
220211 17074471       1344 BANKDEMO CASOP0000I  From (,B000,BANK) INT Termid:B000, Tranid:BANK, Program:SBANK20P 17:07:44
220211 17074699       1344 BANKDEMO CASOP0000I  From (,B000,BANK) INT Termid:B000, Tranid:BANK, Program:SBANK00P 17:07:46
220211 17074700       1344 BANKDEMO CASOP0000I  From (,B000,BANK) INT Termid:B000, Tranid:BANK, Program:SBANK20P 17:07:47
220211 17074702       1344 BANKDEMO CASOP0000I  From (,B000,BANK) INT Termid:B000, Tranid:BANK, Program:SBANK30P 17:07:47
220211 17075268       1344 BANKDEMO CASOP0000I  From (,B000,BANK) INT Termid:B000, Tranid:BANK, Program:SBANK00P 17:07:52
220211 17075269       1344 BANKDEMO CASOP0000I  From (,B000,BANK) INT Termid:B000, Tranid:BANK, Program:SBANK30P 17:07:52
220211 17075271       1344 BANKDEMO CASOP0000I  From (,B000,BANK) INT Termid:B000, Tranid:BANK, Program:SBANK35P 17:07:52
220211 17075571       1344 BANKDEMO CASOP0000I  From (,B000,BANK) INT Termid:B000, Tranid:BANK, Program:SBANK00P 17:07:55
220211 17075572       1344 BANKDEMO CASOP0000I  From (,B000,BANK) INT Termid:B000, Tranid:BANK, Program:SBANK35P 17:07:55
220211 17075574       1344 BANKDEMO CASOP0000I  From (,B000,BANK) INT Termid:B000, Tranid:BANK, Program:SBANK99P 17:07:55
220214 06422468       1344 BANKDEMO CASKC0025I C000 connected from 127.0.0.1 on 2022-Feb-14 06:42:24
220214 06423298       1344 BANKDEMO CASOP0000I  From (,C000,BANK) INT Termid:C000, Tranid:BANK, Program:SBANK00P 06:42:32
220214 06423298       1344 BANKDEMO CASOP0000I  From (,C000,BANK) CICS0035 06:42:32
220214 06423299       1344 BANKDEMO CASOP0000I  From (,C000,BANK) INT Termid:C000, Tranid:BANK, Program:SBANK10P 06:42:32
220214 06423299       1344 BANKDEMO CASOP0000I  From (,C000,BANK) INT Termid:C000, Tranid:BANK, Program:SBANK10P 06:42:32
220214 06424209       1344 BANKDEMO CASOP0000I  From (,C000,BANK) INT Termid:C000, Tranid:BANK, Program:SBANK00P 06:42:42
220214 06424210       1344 BANKDEMO CASOP0000I  From (,C000,BANK) INT Termid:C000, Tranid:BANK, Program:SBANK10P 06:42:42
220214 06424215       1344 BANKDEMO CASOP0000I  From (,C000,BANK) INT Termid:C000, Tranid:BANK, Program:SBANK20P 06:42:42
220214 06424482       1344 BANKDEMO CASOP0000I  From (,C000,BANK) INT Termid:C000, Tranid:BANK, Program:SBANK00P 06:42:44
220214 06424484       1344 BANKDEMO CASOP0000I  From (,C000,BANK) INT Termid:C000, Tranid:BANK, Program:SBANK20P 06:42:44
220214 06424485       1344 BANKDEMO CASOP0000I  From (,C000,BANK) INT Termid:C000, Tranid:BANK, Program:SBANK30P 06:42:44
220214 06424674       1344 BANKDEMO CASOP0000I  From (,C000,BANK) INT Termid:C000, Tranid:BANK, Program:SBANK00P 06:42:46
220214 06424674       1344 BANKDEMO CASOP0000I  From (,C000,BANK) INT Termid:C000, Tranid:BANK, Program:SBANK30P 06:42:46
220214 06424679       1344 BANKDEMO CASOP0000I  From (,C000,BANK) INT Termid:C000, Tranid:BANK, Program:SBANK99P 06:42:46
